<?xml version="1.0" encoding="UTF-8"?>
<!-- Generated by org.testng.reporters.JUnitXMLReporter -->
<testsuite ignored="0" hostname="DESKTOP-SI05A67" failures="2" tests="13" name="Test" time="53.679" errors="0" timestamp="2024-09-18T20:46:42 IST">
  <testcase classname="com.web.automation.testcases.LoginPageTestCases" name="navigateToCustomerLoginPage" time="0.346"/>
  <testcase classname="com.web.automation.testcases.LoginPageTestCases" name="loginWithValidCredentials" time="1.144"/>
  <testcase classname="com.web.automation.testcases.LoginPageTestCases" name="loginWithInValidCredentials" time="1.168"/>
  <testcase classname="com.web.automation.testcases.LoginPageTestCases" name="loginWithEmptyCredentials" time="1.054"/>
  <testcase classname="com.web.automation.testcases.LoginPageTestCases" name="forgotPasswordWithValidEmail" time="0.563"/>
  <testcase classname="com.web.automation.testcases.RegisterPageTestCases" name="navigateToCustomerRegisterPage" time="0.464"/>
  <testcase classname="com.web.automation.testcases.RegisterPageTestCases" name="registerAnAccount" time="1.625">
    <failure type="java.lang.AssertionError" message="account is not registered expected [Your Account Has Been Created!] but found [Register Account]">
      <![CDATA[java.lang.AssertionError: account is not registered expected [Your Account Has Been Created!] but found [Register Account]
at com.web.automation.testcases.RegisterPageTestCases.registerAnAccount(RegisterPageTestCases.java:47)
at java.base/java.util.ArrayList.forEach(ArrayList.java:1511)
... Removed 30 stack frames]]>
    </failure>
  </testcase> <!-- registerAnAccount -->
  <testcase classname="com.web.automation.testcases.RegisterPageTestCases" name="registerAnAccount" time="1.558">
    <failure type="java.lang.AssertionError" message="account is not registered expected [Your Account Has Been Created!] but found [Register Account]">
      <![CDATA[java.lang.AssertionError: account is not registered expected [Your Account Has Been Created!] but found [Register Account]
at com.web.automation.testcases.RegisterPageTestCases.registerAnAccount(RegisterPageTestCases.java:47)
at java.base/java.util.ArrayList.forEach(ArrayList.java:1511)
... Removed 30 stack frames]]>
    </failure>
  </testcase> <!-- registerAnAccount -->
  <testcase classname="com.web.automation.testcases.RegisterPageTestCases" name="invalidRegisterAccount" time="0.924"/>
  <testcase classname="com.web.automation.testcases.RegisterPageTestCases" name="registerWithAlreadyRegisteredEmail" time="1.635"/>
  <testcase classname="com.web.automation.testcases.RegisterPageTestCases" name="registerWithAlreadyRegisteredEmail" time="1.769"/>
  <testcase classname="com.web.automation.testcases.SearchItemTestCases" name="verifyTheItemFiltered" time="3.466"/>
  <testcase classname="com.web.automation.testcases.SearchItemTestCases" name="verifyTheItemFiltered" time="3.415"/>
</testsuite> <!-- Test -->
