<?xml version="1.0" encoding="UTF-8"?>
<testng-results ignored="0" total="6" passed="4" failed="2" skipped="0">
  <reporter-output>
  </reporter-output>
  <suite started-at="2024-12-30T20:28:34 IST" name="Suite" finished-at="2024-12-30T20:29:17 IST" duration-ms="43019">
    <groups>
    </groups>
    <test started-at="2024-12-30T20:28:34 IST" name="Test" finished-at="2024-12-30T20:29:17 IST" duration-ms="43019">
      <class name="com.web.automation.testcases.RegisterPageTestCases">
        <test-method is-config="true" signature="startBrowser()[pri:0, instance:com.web.automation.testcases.RegisterPageTestCases@4802796d]" started-at="2024-12-30T20:28:34 IST" name="startBrowser" finished-at="2024-12-30T20:28:38 IST" duration-ms="4210" status="PASS">
          <reporter-output>
          </reporter-output>
        </test-method> <!-- startBrowser -->
        <test-method signature="navigateToCustomerRegisterPage()[pri:1, instance:com.web.automation.testcases.RegisterPageTestCases@4802796d]" started-at="2024-12-30T20:28:38 IST" name="navigateToCustomerRegisterPage" finished-at="2024-12-30T20:28:39 IST" duration-ms="905" status="PASS">
          <reporter-output>
          </reporter-output>
        </test-method> <!-- navigateToCustomerRegisterPage -->
        <test-method is-config="true" signature="closeBrowser()[pri:0, instance:com.web.automation.testcases.RegisterPageTestCases@4802796d]" started-at="2024-12-30T20:28:39 IST" name="closeBrowser" finished-at="2024-12-30T20:28:39 IST" duration-ms="168" status="PASS">
          <reporter-output>
          </reporter-output>
        </test-method> <!-- closeBrowser -->
        <test-method is-config="true" signature="startBrowser()[pri:0, instance:com.web.automation.testcases.RegisterPageTestCases@4802796d]" started-at="2024-12-30T20:28:40 IST" name="startBrowser" finished-at="2024-12-30T20:28:44 IST" duration-ms="4028" status="PASS">
          <reporter-output>
          </reporter-output>
        </test-method> <!-- startBrowser -->
        <test-method signature="registerAnAccount(java.lang.String,java.lang.String,java.lang.String,java.lang.String,java.lang.String,java.lang.String,java.lang.String)[pri:2, instance:com.web.automation.testcases.RegisterPageTestCases@4802796d]" started-at="2024-12-30T20:28:44 IST" name="registerAnAccount" data-provider="dataProvider" finished-at="2024-12-30T20:28:47 IST" duration-ms="2687" status="FAIL">
          <params>
            <param index="0">
              <value>
                <![CDATA[TesterVicky]]>
              </value>
            </param>
            <param index="1">
              <value>
                <![CDATA[M R]]>
              </value>
            </param>
            <param index="2">
              <value>
                <![CDATA[TesterVicky@gmail.com]]>
              </value>
            </param>
            <param index="3">
              <value>
                <![CDATA[9987654321]]>
              </value>
            </param>
            <param index="4">
              <value>
                <![CDATA[12345678]]>
              </value>
            </param>
            <param index="5">
              <value>
                <![CDATA[12345678]]>
              </value>
            </param>
            <param index="6">
              <value>
                <![CDATA[yes]]>
              </value>
            </param>
          </params>
          <exception class="java.lang.AssertionError">
            <message>
              <![CDATA[account is not registered expected [Your Account Has Been Created!] but found [Register Account]]]>
            </message>
            <full-stacktrace>
              <![CDATA[java.lang.AssertionError: account is not registered expected [Your Account Has Been Created!] but found [Register Account]
at org.testng.Assert.fail(Assert.java:111)
at org.testng.Assert.failNotEquals(Assert.java:1578)
at org.testng.Assert.assertEqualsImpl(Assert.java:150)
at org.testng.Assert.assertEquals(Assert.java:132)
at org.testng.Assert.assertEquals(Assert.java:656)
at com.web.automation.testcases.RegisterPageTestCases.registerAnAccount(RegisterPageTestCases.java:38)
at java.base/jdk.internal.reflect.DirectMethodHandleAccessor.invoke(DirectMethodHandleAccessor.java:104)
at java.base/java.lang.reflect.Method.invoke(Method.java:577)
at org.testng.internal.invokers.MethodInvocationHelper.invokeMethod(MethodInvocationHelper.java:141)
at org.testng.internal.invokers.TestInvoker.invokeMethod(TestInvoker.java:686)
at org.testng.internal.invokers.TestInvoker.invokeTestMethod(TestInvoker.java:230)
at org.testng.internal.invokers.MethodRunner.runInSequence(MethodRunner.java:63)
at org.testng.internal.invokers.TestInvoker$MethodInvocationAgent.invoke(TestInvoker.java:992)
at org.testng.internal.invokers.TestInvoker.invokeTestMethods(TestInvoker.java:203)
at org.testng.internal.invokers.TestMethodWorker.invokeTestMethods(TestMethodWorker.java:154)
at org.testng.internal.invokers.TestMethodWorker.run(TestMethodWorker.java:134)
at java.base/java.util.ArrayList.forEach(ArrayList.java:1511)
at org.testng.TestRunner.privateRun(TestRunner.java:739)
at org.testng.TestRunner.run(TestRunner.java:614)
at org.testng.SuiteRunner.runTest(SuiteRunner.java:421)
at org.testng.SuiteRunner.runSequentially(SuiteRunner.java:413)
at org.testng.SuiteRunner.privateRun(SuiteRunner.java:373)
at org.testng.SuiteRunner.run(SuiteRunner.java:312)
at org.testng.SuiteRunnerWorker.runSuite(SuiteRunnerWorker.java:52)
at org.testng.SuiteRunnerWorker.run(SuiteRunnerWorker.java:95)
at org.testng.TestNG.runSuitesSequentially(TestNG.java:1274)
at org.testng.TestNG.runSuitesLocally(TestNG.java:1208)
at org.testng.TestNG.runSuites(TestNG.java:1112)
at org.testng.TestNG.run(TestNG.java:1079)
at org.testng.remote.AbstractRemoteTestNG.run(AbstractRemoteTestNG.java:115)
at org.testng.remote.RemoteTestNG.initAndRun(RemoteTestNG.java:293)
at org.testng.remote.RemoteTestNG.main(RemoteTestNG.java:91)
]]>
            </full-stacktrace>
          </exception> <!-- java.lang.AssertionError -->
          <reporter-output>
          </reporter-output>
        </test-method> <!-- registerAnAccount -->
        <test-method is-config="true" signature="closeBrowser()[pri:0, instance:com.web.automation.testcases.RegisterPageTestCases@4802796d]" started-at="2024-12-30T20:28:47 IST" name="closeBrowser" finished-at="2024-12-30T20:28:47 IST" duration-ms="200" status="PASS">
          <reporter-output>
          </reporter-output>
        </test-method> <!-- closeBrowser -->
        <test-method is-config="true" signature="startBrowser()[pri:0, instance:com.web.automation.testcases.RegisterPageTestCases@4802796d]" started-at="2024-12-30T20:28:47 IST" name="startBrowser" finished-at="2024-12-30T20:28:54 IST" duration-ms="7062" status="PASS">
          <reporter-output>
          </reporter-output>
        </test-method> <!-- startBrowser -->
        <test-method signature="registerAnAccount(java.lang.String,java.lang.String,java.lang.String,java.lang.String,java.lang.String,java.lang.String,java.lang.String)[pri:2, instance:com.web.automation.testcases.RegisterPageTestCases@4802796d]" started-at="2024-12-30T20:28:54 IST" name="registerAnAccount" data-provider="dataProvider" finished-at="2024-12-30T20:28:57 IST" duration-ms="2640" status="FAIL">
          <params>
            <param index="0">
              <value>
                <![CDATA[TesterRuby]]>
              </value>
            </param>
            <param index="1">
              <value>
                <![CDATA[T]]>
              </value>
            </param>
            <param index="2">
              <value>
                <![CDATA[TesterRuby@gmail.com]]>
              </value>
            </param>
            <param index="3">
              <value>
                <![CDATA[8876543210]]>
              </value>
            </param>
            <param index="4">
              <value>
                <![CDATA[123456789]]>
              </value>
            </param>
            <param index="5">
              <value>
                <![CDATA[123456789]]>
              </value>
            </param>
            <param index="6">
              <value>
                <![CDATA[no]]>
              </value>
            </param>
          </params>
          <exception class="java.lang.AssertionError">
            <message>
              <![CDATA[account is not registered expected [Your Account Has Been Created!] but found [Register Account]]]>
            </message>
            <full-stacktrace>
              <![CDATA[java.lang.AssertionError: account is not registered expected [Your Account Has Been Created!] but found [Register Account]
at org.testng.Assert.fail(Assert.java:111)
at org.testng.Assert.failNotEquals(Assert.java:1578)
at org.testng.Assert.assertEqualsImpl(Assert.java:150)
at org.testng.Assert.assertEquals(Assert.java:132)
at org.testng.Assert.assertEquals(Assert.java:656)
at com.web.automation.testcases.RegisterPageTestCases.registerAnAccount(RegisterPageTestCases.java:38)
at java.base/jdk.internal.reflect.DirectMethodHandleAccessor.invoke(DirectMethodHandleAccessor.java:104)
at java.base/java.lang.reflect.Method.invoke(Method.java:577)
at org.testng.internal.invokers.MethodInvocationHelper.invokeMethod(MethodInvocationHelper.java:141)
at org.testng.internal.invokers.TestInvoker.invokeMethod(TestInvoker.java:686)
at org.testng.internal.invokers.TestInvoker.invokeTestMethod(TestInvoker.java:230)
at org.testng.internal.invokers.MethodRunner.runInSequence(MethodRunner.java:63)
at org.testng.internal.invokers.TestInvoker$MethodInvocationAgent.invoke(TestInvoker.java:992)
at org.testng.internal.invokers.TestInvoker.invokeTestMethods(TestInvoker.java:203)
at org.testng.internal.invokers.TestMethodWorker.invokeTestMethods(TestMethodWorker.java:154)
at org.testng.internal.invokers.TestMethodWorker.run(TestMethodWorker.java:134)
at java.base/java.util.ArrayList.forEach(ArrayList.java:1511)
at org.testng.TestRunner.privateRun(TestRunner.java:739)
at org.testng.TestRunner.run(TestRunner.java:614)
at org.testng.SuiteRunner.runTest(SuiteRunner.java:421)
at org.testng.SuiteRunner.runSequentially(SuiteRunner.java:413)
at org.testng.SuiteRunner.privateRun(SuiteRunner.java:373)
at org.testng.SuiteRunner.run(SuiteRunner.java:312)
at org.testng.SuiteRunnerWorker.runSuite(SuiteRunnerWorker.java:52)
at org.testng.SuiteRunnerWorker.run(SuiteRunnerWorker.java:95)
at org.testng.TestNG.runSuitesSequentially(TestNG.java:1274)
at org.testng.TestNG.runSuitesLocally(TestNG.java:1208)
at org.testng.TestNG.runSuites(TestNG.java:1112)
at org.testng.TestNG.run(TestNG.java:1079)
at org.testng.remote.AbstractRemoteTestNG.run(AbstractRemoteTestNG.java:115)
at org.testng.remote.RemoteTestNG.initAndRun(RemoteTestNG.java:293)
at org.testng.remote.RemoteTestNG.main(RemoteTestNG.java:91)
]]>
            </full-stacktrace>
          </exception> <!-- java.lang.AssertionError -->
          <reporter-output>
          </reporter-output>
        </test-method> <!-- registerAnAccount -->
        <test-method is-config="true" signature="closeBrowser()[pri:0, instance:com.web.automation.testcases.RegisterPageTestCases@4802796d]" started-at="2024-12-30T20:28:57 IST" name="closeBrowser" finished-at="2024-12-30T20:28:57 IST" duration-ms="195" status="PASS">
          <reporter-output>
          </reporter-output>
        </test-method> <!-- closeBrowser -->
        <test-method is-config="true" signature="startBrowser()[pri:0, instance:com.web.automation.testcases.RegisterPageTestCases@4802796d]" started-at="2024-12-30T20:28:57 IST" name="startBrowser" finished-at="2024-12-30T20:29:01 IST" duration-ms="3968" status="PASS">
          <reporter-output>
          </reporter-output>
        </test-method> <!-- startBrowser -->
        <test-method signature="invalidRegisterAccount()[pri:3, instance:com.web.automation.testcases.RegisterPageTestCases@4802796d]" started-at="2024-12-30T20:29:01 IST" name="invalidRegisterAccount" finished-at="2024-12-30T20:29:03 IST" duration-ms="1657" status="PASS">
          <reporter-output>
          </reporter-output>
        </test-method> <!-- invalidRegisterAccount -->
        <test-method is-config="true" signature="closeBrowser()[pri:0, instance:com.web.automation.testcases.RegisterPageTestCases@4802796d]" started-at="2024-12-30T20:29:03 IST" name="closeBrowser" finished-at="2024-12-30T20:29:03 IST" duration-ms="198" status="PASS">
          <reporter-output>
          </reporter-output>
        </test-method> <!-- closeBrowser -->
        <test-method is-config="true" signature="startBrowser()[pri:0, instance:com.web.automation.testcases.RegisterPageTestCases@4802796d]" started-at="2024-12-30T20:29:03 IST" name="startBrowser" finished-at="2024-12-30T20:29:07 IST" duration-ms="3831" status="PASS">
          <reporter-output>
          </reporter-output>
        </test-method> <!-- startBrowser -->
        <test-method signature="registerWithAlreadyRegisteredEmail(java.lang.String,java.lang.String,java.lang.String,java.lang.String,java.lang.String,java.lang.String,java.lang.String)[pri:4, instance:com.web.automation.testcases.RegisterPageTestCases@4802796d]" started-at="2024-12-30T20:29:07 IST" name="registerWithAlreadyRegisteredEmail" data-provider="dataProvider" finished-at="2024-12-30T20:29:09 IST" duration-ms="2051" status="PASS">
          <params>
            <param index="0">
              <value>
                <![CDATA[TesterVicky]]>
              </value>
            </param>
            <param index="1">
              <value>
                <![CDATA[M R]]>
              </value>
            </param>
            <param index="2">
              <value>
                <![CDATA[TesterVicky@gmail.com]]>
              </value>
            </param>
            <param index="3">
              <value>
                <![CDATA[9987654321]]>
              </value>
            </param>
            <param index="4">
              <value>
                <![CDATA[12345678]]>
              </value>
            </param>
            <param index="5">
              <value>
                <![CDATA[12345678]]>
              </value>
            </param>
            <param index="6">
              <value>
                <![CDATA[yes]]>
              </value>
            </param>
          </params>
          <reporter-output>
          </reporter-output>
        </test-method> <!-- registerWithAlreadyRegisteredEmail -->
        <test-method is-config="true" signature="closeBrowser()[pri:0, instance:com.web.automation.testcases.RegisterPageTestCases@4802796d]" started-at="2024-12-30T20:29:09 IST" name="closeBrowser" finished-at="2024-12-30T20:29:09 IST" duration-ms="188" status="PASS">
          <reporter-output>
          </reporter-output>
        </test-method> <!-- closeBrowser -->
        <test-method is-config="true" signature="startBrowser()[pri:0, instance:com.web.automation.testcases.RegisterPageTestCases@4802796d]" started-at="2024-12-30T20:29:09 IST" name="startBrowser" finished-at="2024-12-30T20:29:11 IST" duration-ms="1969" status="PASS">
          <reporter-output>
          </reporter-output>
        </test-method> <!-- startBrowser -->
        <test-method signature="registerWithAlreadyRegisteredEmail(java.lang.String,java.lang.String,java.lang.String,java.lang.String,java.lang.String,java.lang.String,java.lang.String)[pri:4, instance:com.web.automation.testcases.RegisterPageTestCases@4802796d]" started-at="2024-12-30T20:29:11 IST" name="registerWithAlreadyRegisteredEmail" data-provider="dataProvider" finished-at="2024-12-30T20:29:17 IST" duration-ms="5723" status="PASS">
          <params>
            <param index="0">
              <value>
                <![CDATA[TesterRuby]]>
              </value>
            </param>
            <param index="1">
              <value>
                <![CDATA[T]]>
              </value>
            </param>
            <param index="2">
              <value>
                <![CDATA[TesterRuby@gmail.com]]>
              </value>
            </param>
            <param index="3">
              <value>
                <![CDATA[8876543210]]>
              </value>
            </param>
            <param index="4">
              <value>
                <![CDATA[123456789]]>
              </value>
            </param>
            <param index="5">
              <value>
                <![CDATA[123456789]]>
              </value>
            </param>
            <param index="6">
              <value>
                <![CDATA[no]]>
              </value>
            </param>
          </params>
          <reporter-output>
          </reporter-output>
        </test-method> <!-- registerWithAlreadyRegisteredEmail -->
        <test-method is-config="true" signature="closeBrowser()[pri:0, instance:com.web.automation.testcases.RegisterPageTestCases@4802796d]" started-at="2024-12-30T20:29:17 IST" name="closeBrowser" finished-at="2024-12-30T20:29:17 IST" duration-ms="197" status="PASS">
          <reporter-output>
          </reporter-output>
        </test-method> <!-- closeBrowser -->
      </class> <!-- com.web.automation.testcases.RegisterPageTestCases -->
    </test> <!-- Test -->
  </suite> <!-- Suite -->
</testng-results>
